2024-12-04T00:00:00 - Optimize training loop
2024-12-04T00:00:00 - Enhance visualization scripts
2024-12-04T00:00:00 - Enhance visualization scripts
2024-12-04T00:00:00 - Optimize training loop
2025-01-09T00:00:00 - Update documentation and README
2025-01-09T00:00:00 - Update project structure
2025-01-09T00:00:00 - Add support for new dataset
2025-01-09T00:00:00 - Implement new feature for model evaluation
2025-01-28T00:00:00 - Update documentation and README
2025-02-06T00:00:00 - Optimize training loop
2025-02-06T00:00:00 - Update project structure
2025-02-06T00:00:00 - Optimize training loop
2025-02-06T00:00:00 - Refactor model architecture for better performance
2025-02-06T00:00:00 - Update documentation and README
2025-02-12T00:00:00 - Refactor model architecture for better performance
2025-02-12T00:00:00 - Add unit tests for core modules
2025-02-12T00:00:00 - Fix minor bugs in data preprocessing
2025-02-12T00:00:00 - Update dependencies in requirements.txt
2025-02-20T00:00:00 - Implement new feature for model evaluation
2025-02-20T00:00:00 - Add comments to complex functions
2025-02-20T00:00:00 - Update dependencies in requirements.txt
2025-02-20T00:00:00 - Add support for new dataset
2025-02-21T00:00:00 - Improve error handling in API endpoints
2025-02-21T00:00:00 - Adjust hyperparameters for better convergence
2025-02-21T00:00:00 - Enhance visualization scripts
2025-02-21T00:00:00 - Update documentation and README
2025-02-25T00:00:00 - Update dependencies in requirements.txt
2025-02-25T00:00:00 - Adjust hyperparameters for better convergence
2025-02-25T00:00:00 - Improve error handling in API endpoints
2025-02-25T00:00:00 - Fix issue with model saving and loading
2025-02-26T00:00:00 - Update documentation and README
2025-02-26T00:00:00 - Update project structure
2025-02-26T00:00:00 - Refactor model architecture for better performance
2025-03-11T00:00:00 - Implement new feature for model evaluation
2025-04-01T00:00:00 - Optimize training loop
2025-04-01T00:00:00 - Fix minor bugs in data preprocessing
2025-04-01T00:00:00 - Update dependencies in requirements.txt
2025-04-01T00:00:00 - Update dependencies in requirements.txt
2025-04-01T00:00:00 - Add comments to complex functions
2025-04-17T00:00:00 - Clean up code and remove unused imports
2025-04-17T00:00:00 - Update project structure
2025-04-17T00:00:00 - Adjust hyperparameters for better convergence
2025-04-17T00:00:00 - Enhance visualization scripts
2025-04-17T00:00:00 - Implement new feature for model evaluation
2025-04-25T00:00:00 - Improve error handling in API endpoints
2025-04-25T00:00:00 - Update documentation and README
2025-04-25T00:00:00 - Refactor model architecture for better performance
2025-05-21T00:00:00 - Update project structure
2025-05-21T00:00:00 - Fix minor bugs in data preprocessing
2025-06-03T00:00:00 - Fix minor bugs in data preprocessing
2025-06-03T00:00:00 - Fix minor bugs in data preprocessing
2025-06-03T00:00:00 - Add unit tests for core modules
2025-06-09T00:00:00 - Update dependencies in requirements.txt
2025-06-09T00:00:00 - Adjust hyperparameters for better convergence
2025-06-09T00:00:00 - Add support for new dataset
2025-06-09T00:00:00 - Update project structure
2025-06-09T00:00:00 - Fix issue with model saving and loading
2025-06-11T00:00:00 - Refactor model architecture for better performance
2025-06-11T00:00:00 - Update dependencies in requirements.txt
2025-07-24T00:00:00 - Fix issue with model saving and loading
2025-07-24T00:00:00 - Implement new feature for model evaluation
2025-07-24T00:00:00 - Refactor model architecture for better performance
2025-07-24T00:00:00 - Clean up code and remove unused imports
2025-07-24T00:00:00 - Add support for new dataset
2025-07-25T00:00:00 - Add unit tests for core modules
2025-07-25T00:00:00 - Update dependencies in requirements.txt
2025-07-25T00:00:00 - Improve error handling in API endpoints
2025-08-11T00:00:00 - Refactor model architecture for better performance
2025-09-16T00:00:00 - Add support for new dataset
2025-09-16T00:00:00 - Implement new feature for model evaluation
2025-09-16T00:00:00 - Add support for new dataset
2025-09-16T00:00:00 - Clean up code and remove unused imports
2025-09-16T00:00:00 - Add support for new dataset
2025-10-02T00:00:00 - Refactor model architecture for better performance
2025-10-02T00:00:00 - Add unit tests for core modules
2025-10-02T00:00:00 - Add support for new dataset
2025-10-02T00:00:00 - Update documentation and README
2025-10-02T00:00:00 - Fix minor bugs in data preprocessing
2025-11-07T00:00:00 - Fix minor bugs in data preprocessing
2025-11-07T00:00:00 - Add support for new dataset
2025-11-07T00:00:00 - Update dependencies in requirements.txt
2025-11-07T00:00:00 - Clean up code and remove unused imports
2025-11-07T00:00:00 - Enhance visualization scripts
2025-11-10T00:00:00 - Refactor model architecture for better performance
2025-11-10T00:00:00 - Implement new feature for model evaluation
2025-11-21T00:00:00 - Adjust hyperparameters for better convergence
2025-11-21T00:00:00 - Update dependencies in requirements.txt
2025-11-21T00:00:00 - Optimize training loop
2025-11-21T00:00:00 - Fix issue with model saving and loading
2025-11-21T00:00:00 - Implement new feature for model evaluation
2025-12-01T00:00:00 - Add unit tests for core modules
2025-12-01T00:00:00 - Update documentation and README
2025-12-01T00:00:00 - Add comments to complex functions
2025-12-01T00:00:00 - Fix issue with model saving and loading
2025-12-02T00:00:00 - Adjust hyperparameters for better convergence
2025-12-02T00:00:00 - Update dependencies in requirements.txt
2025-12-02T00:00:00 - Update project structure
2025-12-04T00:00:00 - Update project structure
2025-12-23T00:00:00 - Refactor model architecture for better performance
2026-01-22T00:00:00 - Update dependencies in requirements.txt
2026-02-03T00:00:00 - Implement new feature for model evaluation
2026-02-03T00:00:00 - Refactor model architecture for better performance
2026-02-03T00:00:00 - Optimize training loop
2026-02-09T00:00:00 - Adjust hyperparameters for better convergence
2026-03-17T00:00:00 - Optimize training loop
2026-03-17T00:00:00 - Update dependencies in requirements.txt
2024-11-04T00:00:00 - 0 - Add support for new dataset
2024-11-04T00:00:00 - 1 - Add comments to complex functions
2024-11-04T00:00:00 - 2 - Update documentation and README
2024-11-04T00:00:00 - 3 - Add unit tests for core modules
